{
  "stats": {
    "suites": 1,
    "tests": 9,
    "passes": 9,
    "pending": 0,
    "failures": 0,
    "testsRegistered": 9,
    "passPercent": 100,
    "pendingPercent": 0,
    "other": 0,
    "hasOther": false,
    "skipped": 0,
    "hasSkipped": false,
    "start": "2023-05-23T08:19:42.607Z",
    "end": "2023-05-23T08:21:04.853Z",
    "duration": 82246
  },
  "results": [
    {
      "uuid": "aa848981-d090-47ce-bc81-e10b28e2e335",
      "title": "",
      "fullFile": "cypress\\e2e\\test\\test_Open_Cruise.cy.js",
      "file": "cypress\\e2e\\test\\test_Open_Cruise.cy.js",
      "beforeHooks": [],
      "afterHooks": [],
      "tests": [],
      "suites": [
        {
          "uuid": "25edebc1-5f1c-4838-b297-8a5fc7ddfd87",
          "title": "Test Open Cruise",
          "fullFile": "",
          "file": "",
          "beforeHooks": [],
          "afterHooks": [],
          "tests": [
            {
              "title": "Connexion avec un user admin, Cas passant",
              "fullTitle": "Test Open Cruise Connexion avec un user admin, Cas passant",
              "timedOut": null,
              "duration": 2286,
              "state": "passed",
              "speed": "fast",
              "pass": true,
              "fail": false,
              "pending": false,
              "context": null,
              "code": "cy.fixture('admin' + Cypress.env('fileOption') + '.json', 'utf8').as('admin');\ncy.get('@admin').then(data => {\n  const connexionStep = new _ConnexionStep.default();\n  const homeStep = new _HomeStep.default();\n  cy.visit('/login');\n  connexionStep.setLogin(data.username, data.password);\n  homeStep.verifierNomPrenom(data);\n});",
              "err": {},
              "uuid": "a22d1591-8c84-4000-88e7-f4c0f1a9527c",
              "parentUUID": "25edebc1-5f1c-4838-b297-8a5fc7ddfd87",
              "isHook": false,
              "skipped": false
            },
            {
              "title": "Connexion avec un user, Cas passant",
              "fullTitle": "Test Open Cruise Connexion avec un user, Cas passant",
              "timedOut": null,
              "duration": 2034,
              "state": "passed",
              "speed": "fast",
              "pass": true,
              "fail": false,
              "pending": false,
              "context": null,
              "code": "cy.fixture('userConnexion' + Cypress.env('fileOption') + '.json', 'utf8').as('User');\ncy.get('@User').then(data => {\n  const connexionStep = new _ConnexionStep.default();\n  const homeStep = new _HomeStep.default();\n  cy.visit('/login');\n  connexionStep.setLogin(data.username, data.password);\n  homeStep.verifierNomPrenom(data);\n});",
              "err": {},
              "uuid": "29a1ea3f-bfcd-47af-82f3-5d0aa3ee832b",
              "parentUUID": "25edebc1-5f1c-4838-b297-8a5fc7ddfd87",
              "isHook": false,
              "skipped": false
            },
            {
              "title": "Connexion avec un user, Cas non passant",
              "fullTitle": "Test Open Cruise Connexion avec un user, Cas non passant",
              "timedOut": null,
              "duration": 1569,
              "state": "passed",
              "speed": "fast",
              "pass": true,
              "fail": false,
              "pending": false,
              "context": null,
              "code": "cy.fixture('userFailConnexion.json', 'utf8').as('UserFail');\ncy.get('@UserFail').then(data => {\n  const connexionStep = new _ConnexionStep.default();\n  const homeStep = new _HomeStep.default();\n  cy.visit('/login');\n  connexionStep.setLogin(data.username, data.password);\n  connexionStep.checkError(' mot de passe ou identifiant invalide ');\n});",
              "err": {},
              "uuid": "49b3c237-2462-4b5e-a6d6-31ec903e55d9",
              "parentUUID": "25edebc1-5f1c-4838-b297-8a5fc7ddfd87",
              "isHook": false,
              "skipped": false
            },
            {
              "title": "Inscription compte particulier et Connexion du compte",
              "fullTitle": "Test Open Cruise Inscription compte particulier et Connexion du compte",
              "timedOut": null,
              "duration": 24172,
              "state": "passed",
              "speed": "slow",
              "pass": true,
              "fail": false,
              "pending": false,
              "context": null,
              "code": "cy.fixture('newUserParticulier.json', 'utf8').as('newUser');\ncy.get('@newUser').then(data => {\n  const random = '1' + Math.random().toString().substr(2, 9);\n  const connexionStep = new _ConnexionStep.default();\n  const inscriptionStep = new _InscriptionStep.default();\n  const homeStep = new _HomeStep.default();\n  data.username = data.username.replace('auto_rand', random);\n  data.type = '1';\n  cy.visit('/login');\n  connexionStep.clickNewUser();\n  inscriptionStep.verificationArriverFormulaire();\n  inscriptionStep.setNewUserCommonInfo(data, 1);\n  inscriptionStep.setNewUserCasDiverse(data, 1);\n  inscriptionStep.validateFormulaire(1);\n  connexionStep.checkOnLoginPage('Identifiant');\n  cy.fixture('admin' + Cypress.env('fileOption') + '.json', 'utf8').as('admin');\n  cy.get('@admin').then(data2 => {\n    connexionStep.setLogin(data2.username, data2.password);\n    homeStep.verifierNomPrenom(data2);\n    homeStep.goToAdminConfig();\n    homeStep.goToListUtilisateur();\n    homeStep.approuverUser(data);\n    homeStep.verifierApprouver(data);\n    homeStep.deconnexionCompte();\n  });\n  connexionStep.checkOnLoginPage('Identifiant');\n  connexionStep.setLogin(data.username, data.password);\n  homeStep.verifierNomPrenom(data);\n});",
              "err": {},
              "uuid": "9787e1df-da9a-468b-8d20-a24e1461a975",
              "parentUUID": "25edebc1-5f1c-4838-b297-8a5fc7ddfd87",
              "isHook": false,
              "skipped": false
            },
            {
              "title": "Inscription compte professionel et Connexion du compte",
              "fullTitle": "Test Open Cruise Inscription compte professionel et Connexion du compte",
              "timedOut": null,
              "duration": 22428,
              "state": "passed",
              "speed": "slow",
              "pass": true,
              "fail": false,
              "pending": false,
              "context": null,
              "code": "cy.fixture('newUserParticulier.json', 'utf8').as('newUser');\ncy.get('@newUser').then(data => {\n  const random = '1' + Math.random().toString().substr(2, 9);\n  const connexionStep = new _ConnexionStep.default();\n  const inscriptionStep = new _InscriptionStep.default();\n  const homeStep = new _HomeStep.default();\n  data.username = data.username.replace('auto_rand', random);\n  data.type = '0';\n  cy.visit('/login');\n  connexionStep.clickNewUser();\n  inscriptionStep.verificationArriverFormulaire();\n  inscriptionStep.setNewUserCommonInfo(data, 1);\n  inscriptionStep.setNewUserCasDiverse(data, 1);\n  inscriptionStep.validateFormulaire(1);\n  connexionStep.checkOnLoginPage('Identifiant');\n  cy.fixture('admin' + Cypress.env('fileOption') + '.json', 'utf8').as('admin');\n  cy.get('@admin').then(data2 => {\n    connexionStep.setLogin(data2.username, data2.password);\n    homeStep.verifierNomPrenom(data2);\n    homeStep.goToAdminConfig();\n    homeStep.goToListUtilisateur();\n    homeStep.approuverUser(data);\n    homeStep.verifierApprouver(data);\n    homeStep.deconnexionCompte();\n  });\n  connexionStep.checkOnLoginPage('Identifiant');\n  connexionStep.setLogin(data.username, data.password);\n  homeStep.verifierNomPrenom(data);\n});",
              "err": {},
              "uuid": "42e980ce-dc70-4b92-97c2-22ac9713e008",
              "parentUUID": "25edebc1-5f1c-4838-b297-8a5fc7ddfd87",
              "isHook": false,
              "skipped": false
            },
            {
              "title": "Inscription compte professionel et Echec de Connexion au compte car bloque",
              "fullTitle": "Test Open Cruise Inscription compte professionel et Echec de Connexion au compte car bloque",
              "timedOut": null,
              "duration": 9548,
              "state": "passed",
              "speed": "medium",
              "pass": true,
              "fail": false,
              "pending": false,
              "context": null,
              "code": "cy.fixture('newUserParticulier.json', 'utf8').as('newUser');\ncy.get('@newUser').then(data => {\n  const random = '1' + Math.random().toString().substr(2, 9);\n  const connexionStep = new _ConnexionStep.default();\n  const inscriptionStep = new _InscriptionStep.default();\n  const homeStep = new _HomeStep.default();\n  data.username = data.username.replace('auto_rand', random);\n  data.type = '1';\n  cy.visit('/login');\n  connexionStep.clickNewUser();\n  inscriptionStep.verificationArriverFormulaire();\n  inscriptionStep.setNewUserCommonInfo(data, 1);\n  inscriptionStep.setNewUserCasDiverse(data, 1);\n  inscriptionStep.validateFormulaire(1);\n  connexionStep.checkOnLoginPage('Identifiant');\n  connexionStep.setLogin(data.username, data.password);\n  connexionStep.checkError(' votre compte est bloqué ');\n});",
              "err": {},
              "uuid": "17c4c98b-7b77-4615-b1ae-bcaac3b326fe",
              "parentUUID": "25edebc1-5f1c-4838-b297-8a5fc7ddfd87",
              "isHook": false,
              "skipped": false
            },
            {
              "title": "Inscription compte professionel Avec 2 représentant",
              "fullTitle": "Test Open Cruise Inscription compte professionel Avec 2 représentant",
              "timedOut": null,
              "duration": 13988,
              "state": "passed",
              "speed": "slow",
              "pass": true,
              "fail": false,
              "pending": false,
              "context": null,
              "code": "cy.fixture('newUserParticulier.json', 'utf8').as('newUser');\ncy.get('@newUser').then(data => {\n  const random1 = '1' + Math.random().toString().substr(2, 9);\n  const random2 = '2' + Math.random().toString().substr(2, 9);\n  const connexionStep = new _ConnexionStep.default();\n  const inscriptionStep = new _InscriptionStep.default();\n  const homeStep = new _HomeStep.default();\n  data.username = data.username.replace('auto_rand', random1);\n  data.username_remplacant = data.username_remplacant.replace('auto_rand', random2);\n  data.type = '0';\n  cy.visit('/login');\n  connexionStep.clickNewUser();\n  inscriptionStep.verificationArriverFormulaire();\n  inscriptionStep.setNewUserCommonInfo(data, 1);\n  inscriptionStep.setNewUserCasDiverse(data, 1);\n  inscriptionStep.ouvrirFormSecondReprésentant();\n  //inscriptionStep.verificationArriverFormSecondReprsentant()\n  inscriptionStep.setNewUserCommonInfo(data, 2);\n  inscriptionStep.setNewUserCasDiverse(data, 2);\n  inscriptionStep.validateFormulaire(2);\n  inscriptionStep.validateFormulaire(1);\n  connexionStep.checkOnLoginPage('Identifiant');\n  connexionStep.setLogin(data.username, data.password);\n  connexionStep.checkError(' votre compte est bloqué ');\n});",
              "err": {},
              "uuid": "ffb190b7-e9cd-45d2-b365-702c6eaa1dbd",
              "parentUUID": "25edebc1-5f1c-4838-b297-8a5fc7ddfd87",
              "isHook": false,
              "skipped": false
            },
            {
              "title": "Recherche une croisiere par un mots clées est affiche aux moins un resultat",
              "fullTitle": "Test Open Cruise Recherche une croisiere par un mots clées est affiche aux moins un resultat",
              "timedOut": null,
              "duration": 2801,
              "state": "passed",
              "speed": "fast",
              "pass": true,
              "fail": false,
              "pending": false,
              "context": null,
              "code": "cy.fixture('admin' + Cypress.env('fileOption') + '.json', 'utf8').as('User');\ncy.get('@User').then(data => {\n  const connexionStep = new _ConnexionStep.default();\n  const homeStep = new _HomeStep.default();\n  cy.visit('/login');\n  connexionStep.setLogin(data.username, data.password);\n  homeStep.verifierNomPrenom(data);\n  homeStep.recherParMotClées('balade');\n  homeStep.verifierPresenceMotCles('balade');\n});",
              "err": {},
              "uuid": "f59643cf-142c-4d54-af89-b6087fa4dc9c",
              "parentUUID": "25edebc1-5f1c-4838-b297-8a5fc7ddfd87",
              "isHook": false,
              "skipped": false
            },
            {
              "title": "Recherche une croisiere par un mots clées est affiche aucun resultat",
              "fullTitle": "Test Open Cruise Recherche une croisiere par un mots clées est affiche aucun resultat",
              "timedOut": null,
              "duration": 2863,
              "state": "passed",
              "speed": "fast",
              "pass": true,
              "fail": false,
              "pending": false,
              "context": null,
              "code": "cy.fixture('admin' + Cypress.env('fileOption') + '.json', 'utf8').as('User');\ncy.get('@User').then(data => {\n  const connexionStep = new _ConnexionStep.default();\n  const homeStep = new _HomeStep.default();\n  cy.visit('/login');\n  connexionStep.setLogin(data.username, data.password);\n  homeStep.verifierNomPrenom(data);\n  homeStep.recherParMotClées('lapin');\n  homeStep.verifierNonPresenceMotCles('lapin');\n});",
              "err": {},
              "uuid": "3fb6752e-9b30-41b3-910e-ec6775288d26",
              "parentUUID": "25edebc1-5f1c-4838-b297-8a5fc7ddfd87",
              "isHook": false,
              "skipped": false
            }
          ],
          "suites": [],
          "passes": [
            "a22d1591-8c84-4000-88e7-f4c0f1a9527c",
            "29a1ea3f-bfcd-47af-82f3-5d0aa3ee832b",
            "49b3c237-2462-4b5e-a6d6-31ec903e55d9",
            "9787e1df-da9a-468b-8d20-a24e1461a975",
            "42e980ce-dc70-4b92-97c2-22ac9713e008",
            "17c4c98b-7b77-4615-b1ae-bcaac3b326fe",
            "ffb190b7-e9cd-45d2-b365-702c6eaa1dbd",
            "f59643cf-142c-4d54-af89-b6087fa4dc9c",
            "3fb6752e-9b30-41b3-910e-ec6775288d26"
          ],
          "failures": [],
          "pending": [],
          "skipped": [],
          "duration": 81689,
          "root": false,
          "rootEmpty": false,
          "_timeout": 2000
        }
      ],
      "passes": [],
      "failures": [],
      "pending": [],
      "skipped": [],
      "duration": 0,
      "root": true,
      "rootEmpty": true,
      "_timeout": 2000
    }
  ],
  "meta": {
    "mocha": {
      "version": "7.0.1"
    },
    "mochawesome": {
      "options": {
        "quiet": false,
        "reportFilename": "mochawesome",
        "saveHtml": false,
        "saveJson": true,
        "consoleReporter": "spec",
        "useInlineDiffs": false,
        "code": true
      },
      "version": "7.1.3"
    },
    "marge": {
      "options": {
        "id": "default",
        "reportDir": "cypress/results/mochawesome",
        "quite": true,
        "overwrite": false,
        "html": false,
        "json": true
      },
      "version": "6.2.0"
    }
  }
}